<?xml version="1.0" encoding="UTF-8"?>
<testng-results skipped="0" failed="0" total="1" passed="1">
  <reporter-output>
  </reporter-output>
  <suite name="Default suite" duration-ms="110611" started-at="2019-08-22T11:20:48Z" finished-at="2019-08-22T11:22:39Z">
    <groups>
    </groups>
    <test name="Default test" duration-ms="110611" started-at="2019-08-22T11:20:48Z" finished-at="2019-08-22T11:22:39Z">
      <class name="com.onlineretail.qa.testscripts.AutomateSelectedProduct">
        <test-method status="PASS" signature="preSetup()[pri:0, instance:com.onlineretail.qa.testscripts.AutomateSelectedProduct@59e84876]" name="preSetup" is-config="true" duration-ms="75461" started-at="2019-08-22T16:50:48Z" finished-at="2019-08-22T16:52:04Z">
          <reporter-output>
          </reporter-output>
        </test-method> <!-- preSetup -->
        <test-method status="PASS" signature="selectProduct()[pri:0, instance:com.onlineretail.qa.testscripts.AutomateSelectedProduct@59e84876]" name="selectProduct" duration-ms="31363" started-at="2019-08-22T16:52:04Z" finished-at="2019-08-22T16:52:35Z">
          <reporter-output>
          </reporter-output>
        </test-method> <!-- selectProduct -->
        <test-method status="PASS" signature="getResult(org.testng.ITestResult)[pri:0, instance:com.onlineretail.qa.testscripts.AutomateSelectedProduct@59e84876]" name="getResult" is-config="true" duration-ms="997" started-at="2019-08-22T16:52:35Z" finished-at="2019-08-22T16:52:36Z">
          <params>
            <param index="0">
              <value>
                <![CDATA[[TestResult name=selectProduct status=SUCCESS method=AutomateSelectedProduct.selectProduct()[pri:0, instance:com.onlineretail.qa.testscripts.AutomateSelectedProduct@59e84876] output={null}]]]>
              </value>
            </param>
          </params>
          <reporter-output>
          </reporter-output>
        </test-method> <!-- getResult -->
        <test-method status="PASS" signature="tearDown()[pri:0, instance:com.onlineretail.qa.testscripts.AutomateSelectedProduct@59e84876]" name="tearDown" is-config="true" duration-ms="2766" started-at="2019-08-22T16:52:36Z" finished-at="2019-08-22T16:52:39Z">
          <reporter-output>
          </reporter-output>
        </test-method> <!-- tearDown -->
      </class> <!-- com.onlineretail.qa.testscripts.AutomateSelectedProduct -->
    </test> <!-- Default test -->
  </suite> <!-- Default suite -->
</testng-results>
